<?xml version="1.0" encoding="UTF-8"?>
<testng-results total="7" passed="7" failed="0" skipped="0">
  <reporter-output>
  </reporter-output>
  <suite started-at="2024-06-30T15:40:55Z" name="Test Suite for Buildout" finished-at="2024-06-30T15:43:52Z" duration-ms="177356">
    <groups>
    </groups>
    <test started-at="2024-06-30T15:40:55Z" name="Test Cases for Buildout" finished-at="2024-06-30T15:43:52Z" duration-ms="177356">
      <class name="demo.TestCases">
        <test-method is-config="true" signature="startBrowser()[pri:0, instance:demo.TestCases@a87f8ec]" started-at="2024-06-30T21:10:55Z" name="startBrowser" finished-at="2024-06-30T21:11:00Z" duration-ms="5039" status="PASS">
          <reporter-output>
          </reporter-output>
        </test-method> <!-- startBrowser -->
        <test-method signature="testCase01()[pri:0, instance:demo.TestCases@a87f8ec]" started-at="2024-06-30T21:11:00Z" name="testCase01" finished-at="2024-06-30T21:11:34Z" duration-ms="34004" status="PASS">
          <reporter-output>
          </reporter-output>
        </test-method> <!-- testCase01 -->
        <test-method signature="testCase02()[pri:0, instance:demo.TestCases@a87f8ec]" started-at="2024-06-30T21:11:34Z" name="testCase02" finished-at="2024-06-30T21:12:15Z" duration-ms="40869" status="PASS">
          <reporter-output>
          </reporter-output>
        </test-method> <!-- testCase02 -->
        <test-method signature="testCase03()[pri:0, instance:demo.TestCases@a87f8ec]" started-at="2024-06-30T21:12:15Z" name="testCase03" finished-at="2024-06-30T21:12:50Z" duration-ms="35063" status="PASS">
          <reporter-output>
          </reporter-output>
        </test-method> <!-- testCase03 -->
        <test-method signature="testCase04()[pri:0, instance:demo.TestCases@a87f8ec]" started-at="2024-06-30T21:12:50Z" name="testCase04" finished-at="2024-06-30T21:13:36Z" duration-ms="45952" status="PASS">
          <reporter-output>
          </reporter-output>
        </test-method> <!-- testCase04 -->
        <test-method signature="testCase05(java.lang.String)[pri:0, instance:demo.TestCases@a87f8ec]" started-at="2024-06-30T21:13:39Z" name="testCase05" data-provider="excelData" finished-at="2024-06-30T21:13:43Z" duration-ms="3812" status="PASS">
          <params>
            <param index="0">
              <value>
                <![CDATA[Movies]]>
              </value>
            </param>
          </params>
          <reporter-output>
          </reporter-output>
        </test-method> <!-- testCase05 -->
        <test-method signature="testCase05(java.lang.String)[pri:0, instance:demo.TestCases@a87f8ec]" started-at="2024-06-30T21:13:43Z" name="testCase05" data-provider="excelData" finished-at="2024-06-30T21:13:45Z" duration-ms="2657" status="PASS">
          <params>
            <param index="0">
              <value>
                <![CDATA[Music]]>
              </value>
            </param>
          </params>
          <reporter-output>
          </reporter-output>
        </test-method> <!-- testCase05 -->
        <test-method signature="testCase05(java.lang.String)[pri:0, instance:demo.TestCases@a87f8ec]" started-at="2024-06-30T21:13:45Z" name="testCase05" data-provider="excelData" finished-at="2024-06-30T21:13:47Z" duration-ms="2016" status="PASS">
          <params>
            <param index="0">
              <value>
                <![CDATA[Games]]>
              </value>
            </param>
          </params>
          <reporter-output>
          </reporter-output>
        </test-method> <!-- testCase05 -->
        <test-method is-config="true" signature="endTest()[pri:0, instance:demo.TestCases@a87f8ec]" started-at="2024-06-30T21:13:47Z" name="endTest" finished-at="2024-06-30T21:13:52Z" duration-ms="4808" status="PASS">
          <reporter-output>
          </reporter-output>
        </test-method> <!-- endTest -->
      </class> <!-- demo.TestCases -->
    </test> <!-- Test Cases for Buildout -->
  </suite> <!-- Test Suite for Buildout -->
</testng-results>
